---
title: SQL_튜닝_18
author: kimdongy1000
date: 2023-09-18 10:00
categories: [Back-end, SQL_Tuning]
tags: [DataBase - Oracle , SQL_Tuning]
math: true
mermaid: true
---

## 인덱스 컬럼 추가 
튜닝의 목적은 랜덤 I/O 를 줄이는데 목적이 있다 그 목적을 달성하기 위해서는 인덱스 컬럼을 추가하는것이 그 출발점이다 예를 들어서  다음과 같은 데이터와 정보가 있다고 하자 

## 소스 및 간단 스키마 

<https://gitlab.com/kimdongy1000/sqltuningproject>

Ex9_Employee sql 참조하시면됩니다 

```
DROP TABLE Ex9_Employee

CREATE TABLE Ex9_Employee(

    employee_name varchar(10),
    employee_dept NUMBER,
    employee_job  varchar(20),
    employee_sal  number

)


CREATE INDEX Ex9_Employee_idx1 ON Ex9_Employee(employee_dept);
CREATE INDEX Ex9_Employee_idx2 ON Ex9_Employee(employee_dept , employee_job);
CREATE INDEX Ex9_Employee_idx3 ON Ex9_Employee(employee_dept , employee_job , employee_sal);

```
우리는 총 4개의 실행계획을 볼것이다 순서대로 Table Full Scan , INDEX(Ex9_Employee_idx1) ,  INDEX(Ex9_Employee_idx2) ,  INDEX(Ex9_Employee_idx3) 이렇게 실행계획을 둘것이고 공통쿼리는 다음과 같다 

## 공통쿼리
```

SELECT 
* 
FROM Ex9_Employee
WHERE employee_dept = 30
AND employee_job = 'MANAGER'
AND employee_sal > 3000

```

이때 이 결과는 1개만 나오도록 일부로 데이터는 조정했다 이때 각각의 실행계획을 보자 

## 인덱스의 함정

```

PLAN_TABLE_OUTPUT                                                                 |
----------------------------------------------------------------------------------+
Plan hash value: 2368488117                                                       |
                                                                                  |
----------------------------------------------------------------------------------|
| Id  | Operation         | Name         | Rows  | Bytes | Cost (%CPU)| Time     ||
----------------------------------------------------------------------------------|
|   0 | SELECT STATEMENT  |              |     1 |    24 |     3   (0)| 00:00:01 ||
|*  1 |  TABLE ACCESS FULL| EX9_EMPLOYEE |     1 |    24 |     3   (0)| 00:00:01 ||
----------------------------------------------------------------------------------|
                                                                                  |
Predicate Information (identified by operation id):                               |
---------------------------------------------------                               |
                                                                                  |
   1 - filter("EMPLOYEE_SAL">3000 AND "EMPLOYEE_DEPT"=30 AND                      |
              "EMPLOYEE_JOB"='MANAGER')                                           |
			  
			  
PLAN_TABLE_OUTPUT                                                                                        |
---------------------------------------------------------------------------------------------------------+
Plan hash value: 2269012019                                                                              |
                                                                                                         |
---------------------------------------------------------------------------------------------------------|
| Id  | Operation                           | Name              | Rows  | Bytes | Cost (%CPU)| Time     ||
---------------------------------------------------------------------------------------------------------|
|   0 | SELECT STATEMENT                    |                   |     1 |    24 |     6   (0)| 00:00:01 ||
|*  1 |  TABLE ACCESS BY INDEX ROWID BATCHED| EX9_EMPLOYEE      |     1 |    24 |     6   (0)| 00:00:01 ||
|*  2 |   INDEX RANGE SCAN                  | EX9_EMPLOYEE_IDX1 |   200 |       |     1   (0)| 00:00:01 ||
---------------------------------------------------------------------------------------------------------|
                                                                                                         |
Predicate Information (identified by operation id):                                                      |
---------------------------------------------------                                                      |
                                                                                                         |
   1 - filter("EMPLOYEE_SAL">3000 AND "EMPLOYEE_JOB"='MANAGER')                                          |
   2 - access("EMPLOYEE_DEPT"=30)                                                                        |

LAN_TABLE_OUTPUT                                                                                        |
--------------------------------------------------------------------------------------------------------+
lan hash value: 1057096137                                                                              |
                                                                                                        |
--------------------------------------------------------------------------------------------------------|
 Id  | Operation                           | Name              | Rows  | Bytes | Cost (%CPU)| Time     ||
--------------------------------------------------------------------------------------------------------|
   0 | SELECT STATEMENT                    |                   |     1 |    24 |     6   (0)| 00:00:01 ||
*  1 |  TABLE ACCESS BY INDEX ROWID BATCHED| EX9_EMPLOYEE      |     1 |    24 |     6   (0)| 00:00:01 ||
*  2 |   INDEX RANGE SCAN                  | EX9_EMPLOYEE_IDX2 |    50 |       |     1   (0)| 00:00:01 ||
--------------------------------------------------------------------------------------------------------|
                                                                                                        |
redicate Information (identified by operation id):                                                      |
--------------------------------------------------                                                      |
                                                                                                        |
  1 - filter("EMPLOYEE_SAL">3000)                                                                       |
  2 - access("EMPLOYEE_DEPT"=30 AND "EMPLOYEE_JOB"='MANAGER')                                           |
  
  
PLAN_TABLE_OUTPUT                                                                                        |
---------------------------------------------------------------------------------------------------------+
Plan hash value: 2202526983                                                                              |
                                                                                                         |
---------------------------------------------------------------------------------------------------------|
| Id  | Operation                           | Name              | Rows  | Bytes | Cost (%CPU)| Time     ||
---------------------------------------------------------------------------------------------------------|
|   0 | SELECT STATEMENT                    |                   |     1 |    24 |     2   (0)| 00:00:01 ||
|   1 |  TABLE ACCESS BY INDEX ROWID BATCHED| EX9_EMPLOYEE      |     1 |    24 |     2   (0)| 00:00:01 ||
|*  2 |   INDEX RANGE SCAN                  | EX9_EMPLOYEE_IDX3 |     1 |       |     1   (0)| 00:00:01 ||
---------------------------------------------------------------------------------------------------------|
                                                                                                         |
Predicate Information (identified by operation id):                                                      |
---------------------------------------------------                                                      |
                                                                                                         |
   2 - access("EMPLOYEE_DEPT"=30 AND "EMPLOYEE_JOB"='MANAGER' AND "EMPLOYEE_SAL">3000 AND                |
              "EMPLOYEE_SAL" IS NOT NULL)                                                                |  

```

지금 이 각각의 실행계획을 보고 성능순위를 매겨보면 EX9_EMPLOYEE_IDX3 > TABLE ACCESS FULL > EX9_EMPLOYEE_IDX1 = EX9_EMPLOYEE_IDX2 이런 순서로 가는것을 볼 수 있다 
이것이 인덱스 컬럼 추가의 함정이다 인덱스가 데이터를 빨리 찾는것에 도움을 주는것은 사실이다 그러나 그런 인덱스도 어떻게 설정하느냐 데이터 분포가 어떻게 되어 있으냐 갖은 변수들이 이러한 결과를 보여주게 되는데 왜 이렇게 되는지 그림을 한번보자 

## 쿼리 성능은 랜덤 I/O 전쟁

![Image](https://github.com/user-attachments/assets/d772defa-d470-4a17-a9e4-2bcdbd2093a9)

이 그림은 현재 EX9_EMPLOYEE_IDX1 힌트를 주었을대 인덱스 테이블과 실 테이블이 어떻게 데이터를 찾아오는지 표현을 해두었다 인덱스 컬럼이 하나이다 보니 스캔양이 엄청나다 지금 실행계획상에서도 200Row 를 스캔해오는데 이 스캔해온 데이터를 일일이 블록을 따라다니면서 찾는다 심지어 중간에 1개의 올바른 데이터가 나온다고 할지라도 거기서 멈추지 않고 아래에 같은것을 만족하는 데이터가 또 있는지 찾게 된다 

같은방식으로 EX9_EMPLOYEE_IDX2번도 보자 

![Image](https://github.com/user-attachments/assets/ad57199c-ace7-4e48-aa9e-1f2cbc984d7c)

이번엔 employee_job 이 인덱스로 들어와서 선두컬럼 역활을 해서 인덱스 스캔 범위가 줄어드는것을 볼 수 있다 실제 실행계획에서도 EX9_EMPLOYEE_IDX1 는 200 줄을 스캔하는 반면 EX9_EMPLOYEE_IDX2 는 50줄만 스캔하는것을 볼 수 있다 이 스캔범위에 해당되는 본테이블 블럭을 가서 데이터를 찾아온다 마찬가지로 1개가 발견되었다고 할지라도 하단에 더 있는지 살펴보기 위해 스캔을 더하게 된다 

마지막 EX9_EMPLOYEE_IDX3번을 보자 

![Image](https://github.com/user-attachments/assets/a6249c22-2c90-4f9b-a4d3-c63e66a46719)


